<?xml version="1.0" encoding="UTF-8"?>
<testsuite name="" tests="2" skipped="0" failures="1" errors="0" timestamp="2020-11-19T09:49:05" hostname="EPUAKHAW06CB" time="0.003">
  <properties/>
  <testcase name="HTTP status codes" classname="" time="0.003"/>
  <testcase name="Forgot password" classname="" time="0.003">
    <failure message="courgette.runtime.CourgetteTestFailureException: Please refer to Courgette / Cucumber report for more info." type="courgette.runtime.CourgetteTestFailureException">courgette.runtime.CourgetteTestFailureException: Please refer to Courgette / Cucumber report for more info.
</failure>
  </testcase>
  <system-out><![CDATA[]]></system-out>
  <system-err><![CDATA[]]></system-err>
</testsuite>
